<?xml version="1.0" encoding="UTF-8"?>
<!-- Generated by org.testng.reporters.JUnitXMLReporter -->
<testsuite ignored="2" hostname="LAPTOP-FL7DK08P" failures="0" tests="1" name="Go Rest API Test(failed)" time="0.687" errors="0" timestamp="2023-08-18T21:31:50 IST">
  <testcase classname="com.qa.gorest.base.Basetest" name="@BeforeTest setUp" time="0.455">
    <failure type="java.lang.NullPointerException" message="inStream parameter is null">
      <![CDATA[java.lang.NullPointerException: inStream parameter is null
at java.base/java.util.Objects.requireNonNull(Objects.java:246)
at java.base/java.util.Properties.load(Properties.java:407)
at com.qa.gorest.configuration.ConfigurationManagement.initProp(ConfigurationManagement.java:55)
at com.qa.gorest.base.Basetest.setUp(Basetest.java:34)
at java.base/jdk.internal.reflect.NativeMethodAccessorImpl.invoke0(Native Method)
at java.base/jdk.internal.reflect.NativeMethodAccessorImpl.invoke(NativeMethodAccessorImpl.java:62)
at java.base/jdk.internal.reflect.DelegatingMethodAccessorImpl.invoke(DelegatingMethodAccessorImpl.java:43)
at java.base/java.lang.reflect.Method.invoke(Method.java:566)
at org.testng.internal.MethodInvocationHelper.invokeMethod(MethodInvocationHelper.java:133)
at org.testng.internal.MethodInvocationHelper.invokeMethodConsideringTimeout(MethodInvocationHelper.java:62)
at org.testng.internal.ConfigInvoker.invokeConfigurationMethod(ConfigInvoker.java:340)
at org.testng.internal.ConfigInvoker.invokeConfigurations(ConfigInvoker.java:294)
at org.testng.TestRunner.invokeTestConfigurations(TestRunner.java:623)
at org.testng.TestRunner.beforeRun(TestRunner.java:613)
at org.testng.TestRunner.run(TestRunner.java:584)
at org.testng.SuiteRunner.runTest(SuiteRunner.java:402)
at org.testng.SuiteRunner.access$000(SuiteRunner.java:41)
at org.testng.SuiteRunner$SuiteWorker.run(SuiteRunner.java:443)
at org.testng.internal.thread.ThreadUtil.lambda$execute$0(ThreadUtil.java:67)
at java.base/java.util.concurrent.FutureTask.run(FutureTask.java:264)
at java.base/java.util.concurrent.ThreadPoolExecutor.runWorker(ThreadPoolExecutor.java:1128)
at java.base/java.util.concurrent.ThreadPoolExecutor$Worker.run(ThreadPoolExecutor.java:628)
at java.base/java.lang.Thread.run(Thread.java:834)
]]>
    </failure>
  </testcase> <!-- @BeforeTest setUp -->
  <testcase classname="com.qa.gorest.tests.GetUserTest" name="@BeforeMethod getUserSetup" time="-1.692374510784E9">
    <skipped/>
  </testcase> <!-- @BeforeMethod getUserSetup -->
  <testcase classname="com.qa.gorest.tests.GetUserTest" name="getUserTest" time="0.0">
    <skipped/>
  </testcase> <!-- getUserTest -->
  <testcase classname="com.qa.gorest.tests.GetUserTest" name="getUserQueryParamsTest" time="0.0">
    <ignored/>
  </testcase> <!-- getUserQueryParamsTest -->
  <testcase classname="com.qa.gorest.tests.GetUserTest" name="getAllUsersTest" time="0.0">
    <ignored/>
  </testcase> <!-- getAllUsersTest -->
</testsuite> <!-- Go Rest API Test(failed) -->
