<?xml version="1.0" encoding="UTF-8"?>
<testsuite xmlns:xsi="http://www.w3.org/2001/XMLSchema-instance" xsi:schemaLocation="https://maven.apache.org/surefire/maven-surefire-plugin/xsd/surefire-test-report.xsd" name="TestSuite" time="1.741" tests="12" errors="0" skipped="11" failures="1">
  <properties>
[...]
</properties>
  <testcase name="setUp" classname="com.qa.gorest.tests.amadeuAPITest" time="0.821">
    <failure message="&#10;Parameter &apos;baseURI&apos; is required by BeforeTest on method setUp but has not been marked @Optional or defined&#10;" type="org.testng.TestNGException">org.testng.TestNGException: 

Parameter 'baseURI' is required by BeforeTest on method setUp but has not been marked @Optional or defined

</failure>
    <system-err><![CDATA[SLF4J: This version of SLF4J requires log4j version 1.2.12 or later. See also http://www.slf4j.org/codes.html#log4j_version
]]></system-err>
  </testcase>
  <testcase name="flightApiSteup" classname="com.qa.gorest.tests.amadeuAPITest" time="0">
    <skipped/>
  </testcase>
  <testcase name="getFlightInfoTest" classname="com.qa.gorest.tests.amadeuAPITest" time="0">
    <skipped message="&#10;Parameter &apos;baseURI&apos; is required by BeforeTest on method setUp but has not been marked @Optional or defined&#10;"/>
  </testcase>
  <testcase name="getUserSetup" classname="com.qa.gorest.tests.CircuitTest" time="0">
    <skipped/>
  </testcase>
  <testcase name="getCircuitTest" classname="com.qa.gorest.tests.CircuitTest" time="0">
    <skipped message="&#10;Parameter &apos;baseURI&apos; is required by BeforeTest on method setUp but has not been marked @Optional or defined&#10;"/>
  </testcase>
  <testcase name="getAllUserstest" classname="com.qa.gorest.tests.CreateUserTest" time="0">
    <skipped message="java.lang.NullPointerException"/>
    <system-err><![CDATA[[Utils] [ERROR] [Error] java.lang.NullPointerException
	at com.qa.gorest.utils.ExcelUtil.getTestData(ExcelUtil.java:28)
	at com.qa.gorest.tests.CreateUserTest.getUserTestSheetData(CreateUserTest.java:35)
	at java.base/jdk.internal.reflect.NativeMethodAccessorImpl.invoke0(Native Method)
	at java.base/jdk.internal.reflect.NativeMethodAccessorImpl.invoke(NativeMethodAccessorImpl.java:62)
	at java.base/jdk.internal.reflect.DelegatingMethodAccessorImpl.invoke(DelegatingMethodAccessorImpl.java:43)
	at java.base/java.lang.reflect.Method.invoke(Method.java:566)
	at org.testng.internal.MethodInvocationHelper.invokeMethod(MethodInvocationHelper.java:133)
	at org.testng.internal.MethodInvocationHelper.invokeMethod(MethodInvocationHelper.java:77)
	at org.testng.internal.MethodInvocationHelper.invokeMethodNoCheckedException(MethodInvocationHelper.java:46)
	at org.testng.internal.MethodInvocationHelper.invokeDataProvider(MethodInvocationHelper.java:146)
	at org.testng.internal.Parameters.handleParameters(Parameters.java:820)
	at org.testng.internal.Parameters.handleParameters(Parameters.java:762)
	at org.testng.internal.ParameterHandler.handleParameters(ParameterHandler.java:60)
	at org.testng.internal.ParameterHandler.createParameters(ParameterHandler.java:39)
	at org.testng.internal.TestInvoker$MethodInvocationAgent.invoke(TestInvoker.java:771)
	at org.testng.internal.TestInvoker.invokeTestMethods(TestInvoker.java:145)
	at org.testng.internal.TestMethodWorker.invokeTestMethods(TestMethodWorker.java:146)
	at org.testng.internal.TestMethodWorker.run(TestMethodWorker.java:128)
	at java.base/java.util.ArrayList.forEach(ArrayList.java:1541)
	at org.testng.TestRunner.privateRun(TestRunner.java:770)
	at org.testng.TestRunner.run(TestRunner.java:591)
	at org.testng.SuiteRunner.runTest(SuiteRunner.java:402)
	at org.testng.SuiteRunner.runSequentially(SuiteRunner.java:396)
	at org.testng.SuiteRunner.privateRun(SuiteRunner.java:355)
	at org.testng.SuiteRunner.run(SuiteRunner.java:304)
	at org.testng.SuiteRunnerWorker.runSuite(SuiteRunnerWorker.java:53)
	at org.testng.SuiteRunnerWorker.run(SuiteRunnerWorker.java:96)
	at org.testng.TestNG.runSuitesSequentially(TestNG.java:1180)
	at org.testng.TestNG.runSuitesLocally(TestNG.java:1102)
	at org.testng.TestNG.runSuites(TestNG.java:1032)
	at org.testng.TestNG.run(TestNG.java:1000)
	at org.apache.maven.surefire.testng.TestNGExecutor.run(TestNGExecutor.java:132)
	at org.apache.maven.surefire.testng.TestNGDirectoryTestSuite.executeMulti(TestNGDirectoryTestSuite.java:193)
	at org.apache.maven.surefire.testng.TestNGDirectoryTestSuite.execute(TestNGDirectoryTestSuite.java:94)
	at org.apache.maven.surefire.testng.TestNGProvider.invoke(TestNGProvider.java:147)
	at org.apache.maven.surefire.booter.ForkedBooter.invokeProviderInSameClassLoader(ForkedBooter.java:290)
	at org.apache.maven.surefire.booter.ForkedBooter.runSuitesInProcess(ForkedBooter.java:242)
	at org.apache.maven.surefire.booter.ForkedBooter.main(ForkedBooter.java:121)

]]></system-err>
  </testcase>
  <testcase name="getUserSetup" classname="com.qa.gorest.tests.GetUserTest" time="0">
    <skipped/>
  </testcase>
  <testcase name="getUserSetup" classname="com.qa.gorest.tests.GetUserTest" time="0">
    <skipped/>
  </testcase>
  <testcase name="getAllUsersTest" classname="com.qa.gorest.tests.GetUserTest" time="0">
    <skipped message="&#10;Parameter &apos;baseURI&apos; is required by BeforeTest on method setUp but has not been marked @Optional or defined&#10;"/>
  </testcase>
  <testcase name="getUserQueryParamsTest" classname="com.qa.gorest.tests.GetUserTest" time="0">
    <skipped message="&#10;Parameter &apos;baseURI&apos; is required by BeforeTest on method setUp but has not been marked @Optional or defined&#10;"/>
  </testcase>
  <testcase name="getUserSetup" classname="com.qa.gorest.tests.ReqResAPITest" time="0">
    <skipped/>
  </testcase>
  <testcase name="getReqResUserAPiTest" classname="com.qa.gorest.tests.ReqResAPITest" time="0">
    <skipped message="&#10;Parameter &apos;baseURI&apos; is required by BeforeTest on method setUp but has not been marked @Optional or defined&#10;"/>
  </testcase>
</testsuite>