<?xml version="1.0" encoding="UTF-8"?>
<testng-results ignored="1" total="6" passed="5" failed="0" skipped="0">
  <reporter-output>
  </reporter-output>
  <suite started-at="2023-08-18T21:38:12 IST" name="API Regression Suite" finished-at="2023-08-18T21:38:24 IST" duration-ms="12638">
    <groups>
    </groups>
    <test started-at="2023-08-18T21:38:12 IST" name="Circuit API test" finished-at="2023-08-18T21:38:15 IST" duration-ms="3127">
      <class name="com.qa.gorest.tests.CircuitTest">
        <test-method is-config="true" signature="setUp(java.lang.String)[pri:0, instance:com.qa.gorest.tests.CircuitTest@793138bd]" started-at="2023-08-18T21:38:12 IST" name="setUp" finished-at="2023-08-18T21:38:12 IST" duration-ms="403" status="PASS">
          <params>
            <param index="0">
              <value>
                <![CDATA[http://ergast.com]]>
              </value>
            </param>
          </params>
          <reporter-output>
          </reporter-output>
        </test-method> <!-- setUp -->
        <test-method is-config="true" signature="getUserSetup()[pri:0, instance:com.qa.gorest.tests.CircuitTest@793138bd]" started-at="2023-08-18T21:38:12 IST" name="getUserSetup" finished-at="2023-08-18T21:38:12 IST" duration-ms="116" status="PASS">
          <reporter-output>
          </reporter-output>
        </test-method> <!-- getUserSetup -->
        <test-method signature="getCircuitTest()[pri:0, instance:com.qa.gorest.tests.CircuitTest@793138bd]" started-at="2023-08-18T21:38:12 IST" name="getCircuitTest" finished-at="2023-08-18T21:38:15 IST" duration-ms="2389" status="PASS">
          <reporter-output>
          </reporter-output>
        </test-method> <!-- getCircuitTest -->
      </class> <!-- com.qa.gorest.tests.CircuitTest -->
    </test> <!-- Circuit API test -->
    <test started-at="2023-08-18T21:38:15 IST" name="Go Rest API Test" finished-at="2023-08-18T21:38:17 IST" duration-ms="1543">
      <class name="com.qa.gorest.tests.GetUserTest">
        <test-method is-config="true" signature="setUp(java.lang.String)[pri:0, instance:com.qa.gorest.tests.GetUserTest@698122b2]" started-at="2023-08-18T21:38:15 IST" name="setUp" finished-at="2023-08-18T21:38:15 IST" duration-ms="4" status="PASS">
          <params>
            <param index="0">
              <value>
                <![CDATA[https://gorest.co.in]]>
              </value>
            </param>
          </params>
          <reporter-output>
          </reporter-output>
        </test-method> <!-- setUp -->
        <test-method is-config="true" signature="getUserSetup()[pri:0, instance:com.qa.gorest.tests.GetUserTest@698122b2]" started-at="2023-08-18T21:38:15 IST" name="getUserSetup" finished-at="2023-08-18T21:38:15 IST" duration-ms="3" status="PASS">
          <reporter-output>
          </reporter-output>
        </test-method> <!-- getUserSetup -->
        <test-method signature="getAllUsersTest()[pri:0, instance:com.qa.gorest.tests.GetUserTest@698122b2]" started-at="2023-08-18T21:38:15 IST" name="getAllUsersTest" finished-at="2023-08-18T21:38:16 IST" duration-ms="919" status="PASS">
          <reporter-output>
          </reporter-output>
        </test-method> <!-- getAllUsersTest -->
        <test-method is-config="true" signature="getUserSetup()[pri:0, instance:com.qa.gorest.tests.GetUserTest@698122b2]" started-at="2023-08-18T21:38:16 IST" name="getUserSetup" finished-at="2023-08-18T21:38:16 IST" duration-ms="2" status="PASS">
          <reporter-output>
          </reporter-output>
        </test-method> <!-- getUserSetup -->
        <test-method signature="getUserQueryParamsTest()[pri:0, instance:com.qa.gorest.tests.GetUserTest@698122b2]" started-at="2023-08-18T21:38:16 IST" name="getUserQueryParamsTest" finished-at="2023-08-18T21:38:17 IST" duration-ms="567" status="PASS">
          <reporter-output>
          </reporter-output>
        </test-method> <!-- getUserQueryParamsTest -->
      </class> <!-- com.qa.gorest.tests.GetUserTest -->
    </test> <!-- Go Rest API Test -->
    <test started-at="2023-08-18T21:38:17 IST" name="Amadeus flight API Test" finished-at="2023-08-18T21:38:23 IST" duration-ms="6510">
      <class name="com.qa.gorest.tests.amadeuAPITest">
        <test-method is-config="true" signature="setUp(java.lang.String)[pri:0, instance:com.qa.gorest.tests.amadeuAPITest@4b3a45f1]" started-at="2023-08-18T21:38:17 IST" name="setUp" finished-at="2023-08-18T21:38:17 IST" duration-ms="2" status="PASS">
          <params>
            <param index="0">
              <value>
                <![CDATA[https://test.api.amadeus.com]]>
              </value>
            </param>
          </params>
          <reporter-output>
          </reporter-output>
        </test-method> <!-- setUp -->
        <test-method is-config="true" signature="flightApiSteup(java.lang.String, java.lang.String, java.lang.String, java.lang.String)[pri:0, instance:com.qa.gorest.tests.amadeuAPITest@4b3a45f1]" started-at="2023-08-18T21:38:17 IST" name="flightApiSteup" finished-at="2023-08-18T21:38:19 IST" duration-ms="2484" status="PASS">
          <params>
            <param index="0">
              <value>
                <![CDATA[https://test.api.amadeus.com]]>
              </value>
            </param>
            <param index="1">
              <value>
                <![CDATA[client_credentials]]>
              </value>
            </param>
            <param index="2">
              <value>
                <![CDATA[E9lSBGRSz78ADLIAB28Kab3v9rcrIAuJ]]>
              </value>
            </param>
            <param index="3">
              <value>
                <![CDATA[GkRl54A8bMg5werg]]>
              </value>
            </param>
          </params>
          <reporter-output>
          </reporter-output>
        </test-method> <!-- flightApiSteup -->
        <test-method signature="getFlightInfoTest()[pri:0, instance:com.qa.gorest.tests.amadeuAPITest@4b3a45f1]" started-at="2023-08-18T21:38:19 IST" name="getFlightInfoTest" finished-at="2023-08-18T21:38:23 IST" duration-ms="4013" status="PASS">
          <reporter-output>
          </reporter-output>
        </test-method> <!-- getFlightInfoTest -->
      </class> <!-- com.qa.gorest.tests.amadeuAPITest -->
    </test> <!-- Amadeus flight API Test -->
    <test started-at="2023-08-18T21:38:24 IST" name="ReqRes API test" finished-at="2023-08-18T21:38:24 IST" duration-ms="553">
      <class name="com.qa.gorest.tests.ReqResAPITest">
        <test-method is-config="true" signature="setUp(java.lang.String)[pri:0, instance:com.qa.gorest.tests.ReqResAPITest@1021f6c9]" started-at="2023-08-18T21:38:24 IST" name="setUp" finished-at="2023-08-18T21:38:24 IST" duration-ms="2" status="PASS">
          <params>
            <param index="0">
              <value>
                <![CDATA[http://reqres.in]]>
              </value>
            </param>
          </params>
          <reporter-output>
          </reporter-output>
        </test-method> <!-- setUp -->
        <test-method is-config="true" signature="getUserSetup()[pri:0, instance:com.qa.gorest.tests.ReqResAPITest@1021f6c9]" started-at="2023-08-18T21:38:24 IST" name="getUserSetup" finished-at="2023-08-18T21:38:24 IST" duration-ms="1" status="PASS">
          <reporter-output>
          </reporter-output>
        </test-method> <!-- getUserSetup -->
        <test-method signature="getReqResUserAPiTest()[pri:0, instance:com.qa.gorest.tests.ReqResAPITest@1021f6c9]" started-at="2023-08-18T21:38:24 IST" name="getReqResUserAPiTest" finished-at="2023-08-18T21:38:24 IST" duration-ms="540" status="PASS">
          <reporter-output>
          </reporter-output>
        </test-method> <!-- getReqResUserAPiTest -->
      </class> <!-- com.qa.gorest.tests.ReqResAPITest -->
    </test> <!-- ReqRes API test -->
  </suite> <!-- API Regression Suite -->
</testng-results>
