<?xml version="1.0" encoding="UTF-8"?>
<!-- Generated by org.testng.reporters.JUnitXMLReporter -->
<testsuite ignored="1" hostname="LAPTOP-FL7DK08P" failures="0" tests="2" name="Go Rest API Test" time="1.543" errors="0" timestamp="2023-08-18T21:38:17 IST">
  <testcase classname="com.qa.gorest.tests.GetUserTest" name="getAllUsersTest" time="0.919"/>
  <testcase classname="com.qa.gorest.tests.GetUserTest" name="getUserQueryParamsTest" time="0.567"/>
  <testcase classname="com.qa.gorest.tests.GetUserTest" name="getUserTest" time="0.0">
    <ignored/>
  </testcase> <!-- getUserTest -->
</testsuite> <!-- Go Rest API Test -->
